Performing C SOURCE FILE Test CMAKE_HAVE_LIBC_PTHREAD failed with the following output:
Change Dir: /home/joao/Desktop/FEUP/CAL/TP3 - Divide-and-Conquer Algorithms/build/CMakeFiles/CMakeTmp

Run Build Command(s):/usr/bin/make cmTC_db7f6/fast && /usr/bin/make -f CMakeFiles/cmTC_db7f6.dir/build.make CMakeFiles/cmTC_db7f6.dir/build
make[1]: Entering directory '/home/joao/Desktop/FEUP/CAL/TP3 - Divide-and-Conquer Algorithms/build/CMakeFiles/CMakeTmp'
Building C object CMakeFiles/cmTC_db7f6.dir/src.c.o
/usr/bin/cc   -DCMAKE_HAVE_LIBC_PTHREAD   -o CMakeFiles/cmTC_db7f6.dir/src.c.o   -c "/home/joao/Desktop/FEUP/CAL/TP3 - Divide-and-Conquer Algorithms/build/CMakeFiles/CMakeTmp/src.c"
Linking C executable cmTC_db7f6
/usr/bin/cmake -E cmake_link_script CMakeFiles/cmTC_db7f6.dir/link.txt --verbose=1
/usr/bin/cc  -DCMAKE_HAVE_LIBC_PTHREAD    -rdynamic CMakeFiles/cmTC_db7f6.dir/src.c.o  -o cmTC_db7f6 
/usr/bin/ld: CMakeFiles/cmTC_db7f6.dir/src.c.o: in function `main':
src.c:(.text+0x3e): undefined reference to `pthread_create'
/usr/bin/ld: src.c:(.text+0x4a): undefined reference to `pthread_detach'
/usr/bin/ld: src.c:(.text+0x5b): undefined reference to `pthread_join'
collect2: error: ld returned 1 exit status
make[1]: *** [CMakeFiles/cmTC_db7f6.dir/build.make:87: cmTC_db7f6] Error 1
make[1]: Leaving directory '/home/joao/Desktop/FEUP/CAL/TP3 - Divide-and-Conquer Algorithms/build/CMakeFiles/CMakeTmp'
make: *** [Makefile:121: cmTC_db7f6/fast] Error 2


Source file was:
#include <pthread.h>

void* test_func(void* data)
{
  return data;
}

int main(void)
{
  pthread_t thread;
  pthread_create(&thread, NULL, test_func, NULL);
  pthread_detach(thread);
  pthread_join(thread, NULL);
  pthread_atfork(NULL, NULL, NULL);
  pthread_exit(NULL);

  return 0;
}

Determining if the function pthread_create exists in the pthreads failed with the following output:
Change Dir: /home/joao/Desktop/FEUP/CAL/TP3 - Divide-and-Conquer Algorithms/build/CMakeFiles/CMakeTmp

Run Build Command(s):/usr/bin/make cmTC_901cf/fast && /usr/bin/make -f CMakeFiles/cmTC_901cf.dir/build.make CMakeFiles/cmTC_901cf.dir/build
make[1]: Entering directory '/home/joao/Desktop/FEUP/CAL/TP3 - Divide-and-Conquer Algorithms/build/CMakeFiles/CMakeTmp'
Building C object CMakeFiles/cmTC_901cf.dir/CheckFunctionExists.c.o
/usr/bin/cc   -DCHECK_FUNCTION_EXISTS=pthread_create   -o CMakeFiles/cmTC_901cf.dir/CheckFunctionExists.c.o   -c /usr/share/cmake-3.16/Modules/CheckFunctionExists.c
Linking C executable cmTC_901cf
/usr/bin/cmake -E cmake_link_script CMakeFiles/cmTC_901cf.dir/link.txt --verbose=1
/usr/bin/cc  -DCHECK_FUNCTION_EXISTS=pthread_create    -rdynamic CMakeFiles/cmTC_901cf.dir/CheckFunctionExists.c.o  -o cmTC_901cf  -lpthreads 
/usr/bin/ld: cannot find -lpthreads
collect2: error: ld returned 1 exit status
make[1]: *** [CMakeFiles/cmTC_901cf.dir/build.make:87: cmTC_901cf] Error 1
make[1]: Leaving directory '/home/joao/Desktop/FEUP/CAL/TP3 - Divide-and-Conquer Algorithms/build/CMakeFiles/CMakeTmp'
make: *** [Makefile:121: cmTC_901cf/fast] Error 2



Performing C SOURCE FILE Test CMAKE_HAVE_LIBC_PTHREAD failed with the following output:
Change Dir: /home/joao/Desktop/FEUP/CAL/TP3 - Divide-and-Conquer Algorithms/build/CMakeFiles/CMakeTmp

Run Build Command(s):/usr/bin/make cmTC_ee661/fast && /usr/bin/make -f CMakeFiles/cmTC_ee661.dir/build.make CMakeFiles/cmTC_ee661.dir/build
make[1]: Entering directory '/home/joao/Desktop/FEUP/CAL/TP3 - Divide-and-Conquer Algorithms/build/CMakeFiles/CMakeTmp'
Building C object CMakeFiles/cmTC_ee661.dir/src.c.o
/usr/bin/cc   -DCMAKE_HAVE_LIBC_PTHREAD   -o CMakeFiles/cmTC_ee661.dir/src.c.o   -c "/home/joao/Desktop/FEUP/CAL/TP3 - Divide-and-Conquer Algorithms/build/CMakeFiles/CMakeTmp/src.c"
Linking C executable cmTC_ee661
/usr/bin/cmake -E cmake_link_script CMakeFiles/cmTC_ee661.dir/link.txt --verbose=1
/usr/bin/cc  -DCMAKE_HAVE_LIBC_PTHREAD    -rdynamic CMakeFiles/cmTC_ee661.dir/src.c.o  -o cmTC_ee661 
/usr/bin/ld: CMakeFiles/cmTC_ee661.dir/src.c.o: in function `main':
src.c:(.text+0x3e): undefined reference to `pthread_create'
/usr/bin/ld: src.c:(.text+0x4a): undefined reference to `pthread_detach'
/usr/bin/ld: src.c:(.text+0x5b): undefined reference to `pthread_join'
collect2: error: ld returned 1 exit status
make[1]: *** [CMakeFiles/cmTC_ee661.dir/build.make:87: cmTC_ee661] Error 1
make[1]: Leaving directory '/home/joao/Desktop/FEUP/CAL/TP3 - Divide-and-Conquer Algorithms/build/CMakeFiles/CMakeTmp'
make: *** [Makefile:121: cmTC_ee661/fast] Error 2


Source file was:
#include <pthread.h>

void* test_func(void* data)
{
  return data;
}

int main(void)
{
  pthread_t thread;
  pthread_create(&thread, NULL, test_func, NULL);
  pthread_detach(thread);
  pthread_join(thread, NULL);
  pthread_atfork(NULL, NULL, NULL);
  pthread_exit(NULL);

  return 0;
}

Determining if the function pthread_create exists in the pthreads failed with the following output:
Change Dir: /home/joao/Desktop/FEUP/CAL/TP3 - Divide-and-Conquer Algorithms/build/CMakeFiles/CMakeTmp

Run Build Command(s):/usr/bin/make cmTC_3928b/fast && /usr/bin/make -f CMakeFiles/cmTC_3928b.dir/build.make CMakeFiles/cmTC_3928b.dir/build
make[1]: Entering directory '/home/joao/Desktop/FEUP/CAL/TP3 - Divide-and-Conquer Algorithms/build/CMakeFiles/CMakeTmp'
Building C object CMakeFiles/cmTC_3928b.dir/CheckFunctionExists.c.o
/usr/bin/cc   -DCHECK_FUNCTION_EXISTS=pthread_create   -o CMakeFiles/cmTC_3928b.dir/CheckFunctionExists.c.o   -c /usr/share/cmake-3.16/Modules/CheckFunctionExists.c
Linking C executable cmTC_3928b
/usr/bin/cmake -E cmake_link_script CMakeFiles/cmTC_3928b.dir/link.txt --verbose=1
/usr/bin/cc  -DCHECK_FUNCTION_EXISTS=pthread_create    -rdynamic CMakeFiles/cmTC_3928b.dir/CheckFunctionExists.c.o  -o cmTC_3928b  -lpthreads 
/usr/bin/ld: cannot find -lpthreads
collect2: error: ld returned 1 exit status
make[1]: *** [CMakeFiles/cmTC_3928b.dir/build.make:87: cmTC_3928b] Error 1
make[1]: Leaving directory '/home/joao/Desktop/FEUP/CAL/TP3 - Divide-and-Conquer Algorithms/build/CMakeFiles/CMakeTmp'
make: *** [Makefile:121: cmTC_3928b/fast] Error 2



Performing C SOURCE FILE Test CMAKE_HAVE_LIBC_PTHREAD failed with the following output:
Change Dir: /home/joao/Desktop/FEUP/CAL/TP3 - Divide-and-Conquer Algorithms/build/CMakeFiles/CMakeTmp

Run Build Command(s):/usr/bin/make cmTC_24733/fast && /usr/bin/make -f CMakeFiles/cmTC_24733.dir/build.make CMakeFiles/cmTC_24733.dir/build
make[1]: Entering directory '/home/joao/Desktop/FEUP/CAL/TP3 - Divide-and-Conquer Algorithms/build/CMakeFiles/CMakeTmp'
Building C object CMakeFiles/cmTC_24733.dir/src.c.o
/usr/bin/cc   -DCMAKE_HAVE_LIBC_PTHREAD   -o CMakeFiles/cmTC_24733.dir/src.c.o   -c "/home/joao/Desktop/FEUP/CAL/TP3 - Divide-and-Conquer Algorithms/build/CMakeFiles/CMakeTmp/src.c"
Linking C executable cmTC_24733
/usr/bin/cmake -E cmake_link_script CMakeFiles/cmTC_24733.dir/link.txt --verbose=1
/usr/bin/cc  -DCMAKE_HAVE_LIBC_PTHREAD    -rdynamic CMakeFiles/cmTC_24733.dir/src.c.o  -o cmTC_24733 
/usr/bin/ld: CMakeFiles/cmTC_24733.dir/src.c.o: in function `main':
src.c:(.text+0x3e): undefined reference to `pthread_create'
/usr/bin/ld: src.c:(.text+0x4a): undefined reference to `pthread_detach'
/usr/bin/ld: src.c:(.text+0x5b): undefined reference to `pthread_join'
collect2: error: ld returned 1 exit status
make[1]: *** [CMakeFiles/cmTC_24733.dir/build.make:87: cmTC_24733] Error 1
make[1]: Leaving directory '/home/joao/Desktop/FEUP/CAL/TP3 - Divide-and-Conquer Algorithms/build/CMakeFiles/CMakeTmp'
make: *** [Makefile:121: cmTC_24733/fast] Error 2


Source file was:
#include <pthread.h>

void* test_func(void* data)
{
  return data;
}

int main(void)
{
  pthread_t thread;
  pthread_create(&thread, NULL, test_func, NULL);
  pthread_detach(thread);
  pthread_join(thread, NULL);
  pthread_atfork(NULL, NULL, NULL);
  pthread_exit(NULL);

  return 0;
}

Determining if the function pthread_create exists in the pthreads failed with the following output:
Change Dir: /home/joao/Desktop/FEUP/CAL/TP3 - Divide-and-Conquer Algorithms/build/CMakeFiles/CMakeTmp

Run Build Command(s):/usr/bin/make cmTC_2c252/fast && /usr/bin/make -f CMakeFiles/cmTC_2c252.dir/build.make CMakeFiles/cmTC_2c252.dir/build
make[1]: Entering directory '/home/joao/Desktop/FEUP/CAL/TP3 - Divide-and-Conquer Algorithms/build/CMakeFiles/CMakeTmp'
Building C object CMakeFiles/cmTC_2c252.dir/CheckFunctionExists.c.o
/usr/bin/cc   -DCHECK_FUNCTION_EXISTS=pthread_create   -o CMakeFiles/cmTC_2c252.dir/CheckFunctionExists.c.o   -c /usr/share/cmake-3.16/Modules/CheckFunctionExists.c
Linking C executable cmTC_2c252
/usr/bin/cmake -E cmake_link_script CMakeFiles/cmTC_2c252.dir/link.txt --verbose=1
/usr/bin/cc  -DCHECK_FUNCTION_EXISTS=pthread_create    -rdynamic CMakeFiles/cmTC_2c252.dir/CheckFunctionExists.c.o  -o cmTC_2c252  -lpthreads 
/usr/bin/ld: cannot find -lpthreads
collect2: error: ld returned 1 exit status
make[1]: *** [CMakeFiles/cmTC_2c252.dir/build.make:87: cmTC_2c252] Error 1
make[1]: Leaving directory '/home/joao/Desktop/FEUP/CAL/TP3 - Divide-and-Conquer Algorithms/build/CMakeFiles/CMakeTmp'
make: *** [Makefile:121: cmTC_2c252/fast] Error 2



